FileID		FileName		Size		ModTime		ThreadId
2913524		File1.jpg		56		1427429595		0
2913525		File2.bmp		0		1427429608		0
2913525		File2.bmp		0		1427429608		0
2913525		File2.bmp		0		1427429608		0
2913524		File1.jpg		56		1427429595		0
2913525		File2.bmp		0		1427429608		0
2913525		File2.bmp		0		1427429608		0
2913525		File2.bmp		0		1427429608		0
2913524		File1.jpg		56		1427429595		0
2913525		File2.bmp		0		1427429608		0
2913525		File2.bmp		0		1427429608		0
2913525		File2.bmp		0		1427429608		0
2913524		File1.jpg		56		1427429595		0
2913525		File2.bmp		0		1427429608		0
2913525		File2.bmp		0		1427429608		0
2913525		File2.bmp		0		1427429608		0
2913524		File1.jpg		56		1427429595		0
2913525		File2.bmp		0		1427429608		0
2913525		File2.bmp		0		1427429608		0
2913525		File2.bmp		0		1427429608		0
